Single GPU training on device: cuda
myrank: 0 local_rank: 0 device_count: 1 world_size: 1
====================================================================================================
        - platform : single
        - local_rank : 0
        - rank : 0
        - device : cuda
        - world_size : 1
        - random_seed : 10
        - data : ./data/webnlg_challenge_2017/test.jsonl
        - batch_size : 1
        - seq_len : 64
        - eval_len : 32
        - min_length : 0
        - model_card : gpt2.sm
        - init_checkpoint : ./trained_models/GPT2_M/webnlg/model.200.pt
        - lora_dim : 4
        - lora_alpha : 16
        - work_dir : ./trained_models/GPT2_M/webnlg
        - beam : 5
        - length_penalty : 0.8
        - no_repeat_ngram_size : 3
        - repetition_penalty : 1.0
        - eos_token_id : [50256, 628]
        - output_file : predict.200.b5p08.jsonl
        - dist : None
====================================================================================================
Experiment dir : ./trained_models/GPT2_M/webnlg
loading model pretrained weight.
model sampling ...
inference samples 0
inference samples 10
inference samples 20
inference samples 30
inference samples 40
inference samples 50
inference samples 60
inference samples 70
inference samples 80
inference samples 90
saving prediction file ./trained_models/GPT2_M/webnlg/predict.200.b5p08.jsonl
cleanup dist ...
